<?xml version="1.0" encoding="UTF-8"?>
<!-- Generated by org.testng.reporters.JUnitReportReporter -->
<testsuite hostname="Classroom-205" failures="0" tests="3" name="com.OrangeHRM.Utilities.RandomValues" time="0.020" errors="0" timestamp="2024-11-22T07:12:55 IST" skipped="0">
  <testcase classname="com.OrangeHRM.Utilities.RandomValues" name="Password" time="0.017"/>
  <testcase classname="com.OrangeHRM.Utilities.RandomValues" name="randomUsn" time="0.001"/>
  <testcase classname="com.OrangeHRM.Utilities.RandomValues" name="randomAlphabets" time="0.002"/>
</testsuite> <!-- com.OrangeHRM.Utilities.RandomValues -->
