<?xml version="1.0" encoding="UTF-8"?>
<!-- Generated by org.testng.reporters.JUnitReportReporter -->
<testsuite hostname="Classroom-205" failures="0" tests="4" name="com.OrangeHRM.RunnerScripts.SetColumnName" time="0.644" errors="0" timestamp="2024-11-23T08:24:58 IST" skipped="0">
  <testcase classname="com.OrangeHRM.RunnerScripts.SetColumnName" name="ColumnName" time="0.618"/>
  <testcase classname="com.OrangeHRM.RunnerScripts.SetColumnName" name="CreateRows" time="0.003"/>
  <testcase classname="com.OrangeHRM.RunnerScripts.SetColumnName" name="CreateCells" time="0.016"/>
  <testcase classname="com.OrangeHRM.RunnerScripts.SetColumnName" name="FirstNames" time="0.007"/>
</testsuite> <!-- com.OrangeHRM.RunnerScripts.SetColumnName -->
