<?xml version="1.0" encoding="UTF-8"?>
<!-- Generated by org.testng.reporters.JUnitReportReporter -->
<testsuite hostname="Classroom-205" failures="0" tests="1" name="com.OrangeHRM.RunnerScripts.Admin.AdminSmokeTestcases" time="0.011" errors="0" timestamp="2024-11-27T07:31:30 IST" skipped="0">
  <testcase classname="com.OrangeHRM.RunnerScripts.Admin.AdminSmokeTestcases" name="SmokeTestcases001" time="0.011"/>
</testsuite> <!-- com.OrangeHRM.RunnerScripts.Admin.AdminSmokeTestcases -->
