<?xml version="1.0" encoding="UTF-8"?>
<!-- Generated by org.testng.reporters.JUnitReportReporter -->
<testsuite hostname="Classroom-205" failures="0" tests="1" name="com.Shoppersstack.GenericScripts.BasePage" time="6.246" errors="0" timestamp="2024-11-20T06:46:59 IST" skipped="0">
  <testcase classname="com.Shoppersstack.GenericScripts.BasePage" name="Test" time="6.246"/>
</testsuite> <!-- com.Shoppersstack.GenericScripts.BasePage -->
