<?xml version="1.0" encoding="UTF-8"?>
<!-- Generated by org.testng.reporters.JUnitReportReporter -->
<testsuite hostname="Classroom-205" failures="0" tests="1" name="com.OrangeHRM.RunnerScripts.FNGenerator" time="0.615" errors="0" timestamp="2024-11-23T07:42:33 IST" skipped="0">
  <testcase classname="com.OrangeHRM.RunnerScripts.FNGenerator" name="Excel" time="0.615"/>
</testsuite> <!-- com.OrangeHRM.RunnerScripts.FNGenerator -->
